<?xml version="1.0" encoding="UTF-8"?>
<!-- Generated by org.testng.reporters.JUnitXMLReporter -->
<testsuite ignored="1" hostname="BCT-LTP-G877" failures="0" tests="1" name="BlazeclanAutomationFramework" time="10.668" errors="0" timestamp="2022-08-16T17:56:27 IST">
  <testcase classname="com.blazeclan.qa.test.testng.TestFramework" name="navigateToLoginPage" time="1.038"/>
  <testcase classname="com.blazeclan.qa.test.testng.TestFramework" name="loginToApplication" time="0.0">
    <ignored/>
  </testcase> <!-- loginToApplication -->
</testsuite> <!-- BlazeclanAutomationFramework -->
