<?xml version="1.0" encoding="UTF-8"?>
<testng-results ignored="1" total="2" passed="1" failed="0" skipped="0">
  <reporter-output>
  </reporter-output>
  <suite started-at="2022-08-19T17:01:32 IST" name="Default Suite" finished-at="2022-08-19T17:01:55 IST" duration-ms="22394">
    <groups>
    </groups>
    <test started-at="2022-08-19T17:01:32 IST" name="BlazeclanAutomationFramework" finished-at="2022-08-19T17:01:55 IST" duration-ms="22394">
      <class name="com.blazeclan.qa.test.testng.TestFramework">
        <test-method is-config="true" signature="setUp()[pri:0, instance:com.blazeclan.qa.test.testng.TestFramework@2dc54ad4]" started-at="2022-08-19T17:01:32 IST" name="setUp" finished-at="2022-08-19T17:01:51 IST" duration-ms="18642" status="PASS">
          <reporter-output>
          </reporter-output>
        </test-method> <!-- setUp -->
        <test-method signature="navigateToLoginPage()[pri:2, instance:com.blazeclan.qa.test.testng.TestFramework@2dc54ad4]" started-at="2022-08-19T17:01:51 IST" name="navigateToLoginPage" finished-at="2022-08-19T17:01:53 IST" duration-ms="1644" status="PASS">
          <reporter-output>
          </reporter-output>
        </test-method> <!-- navigateToLoginPage -->
        <test-method is-config="true" signature="tearDown()[pri:0, instance:com.blazeclan.qa.test.testng.TestFramework@2dc54ad4]" started-at="2022-08-19T17:01:53 IST" name="tearDown" finished-at="2022-08-19T17:01:55 IST" duration-ms="1440" status="PASS">
          <reporter-output>
          </reporter-output>
        </test-method> <!-- tearDown -->
      </class> <!-- com.blazeclan.qa.test.testng.TestFramework -->
    </test> <!-- BlazeclanAutomationFramework -->
  </suite> <!-- Default Suite -->
</testng-results>
